Initializing `COTAN` meta-data
Genes/cells selection done: dropped [1] genes and [0] cells
Working on [13386] genes and [1870] cells
Estimate dispersion: START
Effective number of cores used: 7
Executing 14 genes batches from [1:945] to [12442:13386]
Estimate dispersion: DONE
dispersion | min: -0.0754470825195312 | max: 2876 | % negative: 16.8011355147169
Calculate cells' coex: START
Retrieving expected cells' contingency table
calculating NN..
 done
calculating YN..
NY..
YY..
 done
Calculating cells' coex normalization factor
Fraction of genes with very low expected contingency tables: 0
Retrieving observed cells' yes/yes contingency table
calculating YY..
 done
Estimating cells' coex
Calculate cells' coex: DONE
Creating cells' uniform clustering: START
In iteration 0 
the number of cells to re-cluster is 1870 cells belonging to 0 clusters
Creating Seurat object: START
Used resolution for Seurat clusterization is: 0.5
Creating PDF UMAP in file:./COTAN/tabula-muris-marrow_P7_3/tabula-muris-marrow_P7_3/reclustering_0/pdf_umap.pdf
Creating Seurat object: DONE
*
 checking uniformity of cluster '0' of 16 clusters
Cotan analysis functions started
Genes/cells selection done: dropped [4284] genes and [0] cells
Working on [9102] genes and [295] cells
Estimate dispersion: START
Effective number of cores used: 7
Executing 9 genes batches from [1:1005] to [8098:9102]
Estimate dispersion: DONE
dispersion | min: -0.1923828125 | max: 226.5 | % negative: 52.5488903537684
Only analysis time 0.0296344717343648
Cotan genes' coex estimation started
Calculate genes' coex: START
Retrieving expected genes' contingency table
calculating NN..
 done
calculating NY..
YN..
YY..
 done
Calculating genes' coex normalization factor
Fraction of genes with very low expected contingency tables: 0.382047174994019
Retrieving observed genes' yes/yes contingency table
calculating YY..
 done
Estimating genes' coex
Calculate genes' coex: DONE
Total time 0.4644495844841
Only genes' coex time 0.429185390472412
Checking uniformity for the cluster '0' with 295 cells
Using S
Calculating S: START
Calculating S: DONE
Calculate GDI dataframe: START
Calculate GDI dataframe: DONE
PCA: START
PCA: DONE
Hierarchical clustering: START
Hierarchical clustering: DONE
GDI plot
Removed 35 low GDI genes (such as the fully-expressed) in GDI plot
cluster 0 is uniform
*
 checking uniformity of cluster '1' of 16 clusters
Cotan analysis functions started
Genes/cells selection done: dropped [2754] genes and [0] cells
Working on [10632] genes and [277] cells
Estimate dispersion: START
Effective number of cores used: 7
Executing 11 genes batches from [1:958] to [9675:10632]
Estimate dispersion: DONE
dispersion | min: -0.46044921875 | max: 411 | % negative: 44.6952595936795
Only analysis time 0.0293276111284892
Cotan genes' coex estimation started
Calculate genes' coex: START
Retrieving expected genes' contingency table
calculating NN..
 done
calculating NY..
YN..
YY..
 done
Calculating genes' coex normalization factor
Fraction of genes with very low expected contingency tables: 0.236059007348037
Retrieving observed genes' yes/yes contingency table
calculating YY..
 done
Estimating genes' coex
Calculate genes' coex: DONE
Total time 0.600446557998657
Only genes' coex time 0.565069770812988
Checking uniformity for the cluster '1' with 277 cells
Using S
Calculating S: START
Calculating S: DONE
Calculate GDI dataframe: START
Calculate GDI dataframe: DONE
PCA: START
PCA: DONE
Hierarchical clustering: START
Hierarchical clustering: DONE
GDI plot
Removed 125 low GDI genes (such as the fully-expressed) in GDI plot
cluster 1 is uniform
*
 checking uniformity of cluster '2' of 16 clusters
Cotan analysis functions started
Genes/cells selection done: dropped [3374] genes and [0] cells
Working on [10012] genes and [177] cells
Estimate dispersion: START
Effective number of cores used: 7
Executing 10 genes batches from [1:994] to [9019:10012]
Estimate dispersion: DONE
dispersion | min: -0.44140625 | max: 273.5 | % negative: 43.8074310827008
Only analysis time 0.0292421936988831
Cotan genes' coex estimation started
Calculate genes' coex: START
Retrieving expected genes' contingency table
calculating NN..
 done
calculating NY..
YN..
YY..
 done
Calculating genes' coex normalization factor
Fraction of genes with very low expected contingency tables: 0.211660598313682
Retrieving observed genes' yes/yes contingency table
calculating YY..
 done
Estimating genes' coex
Calculate genes' coex: DONE
Total time 0.511751349767049
Only genes' coex time 0.476959200700124
Checking uniformity for the cluster '2' with 177 cells
Using S
Calculating S: START
Calculating S: DONE
Calculate GDI dataframe: START
Calculate GDI dataframe: DONE
PCA: START
PCA: DONE
Hierarchical clustering: START
Hierarchical clustering: DONE
GDI plot
Removed 127 low GDI genes (such as the fully-expressed) in GDI plot
cluster 2 is uniform
*
 checking uniformity of cluster '3' of 16 clusters
Cotan analysis functions started
Genes/cells selection done: dropped [1738] genes and [0] cells
Working on [11648] genes and [177] cells
Estimate dispersion: START
Effective number of cores used: 7
Executing 12 genes batches from [1:961] to [10688:11648]
Estimate dispersion: DONE
dispersion | min: -0.5478515625 | max: 173.0625 | % negative: 39.8179945054945
Only analysis time 0.0272854050000509
Cotan genes' coex estimation started
Calculate genes' coex: START
Retrieving expected genes' contingency table
calculating NN..
 done
calculating NY..
YN..
YY..
 done
Calculating genes' coex normalization factor
Fraction of genes with very low expected contingency tables: 0.15994069964502
Retrieving observed genes' yes/yes contingency table
calculating YY..
 done
Estimating genes' coex
Calculate genes' coex: DONE
Total time 0.703209733963013
Only genes' coex time 0.669786576430003
Checking uniformity for the cluster '3' with 177 cells
Using S
Calculating S: START
Calculating S: DONE
Calculate GDI dataframe: START
Calculate GDI dataframe: DONE
PCA: START
PCA: DONE
Hierarchical clustering: START
Hierarchical clustering: DONE
GDI plot
Removed 127 low GDI genes (such as the fully-expressed) in GDI plot
cluster 3 is uniform
*
 checking uniformity of cluster '4' of 16 clusters
Cotan analysis functions started
Genes/cells selection done: dropped [2909] genes and [0] cells
Working on [10477] genes and [160] cells
Estimate dispersion: START
Effective number of cores used: 7
Executing 11 genes batches from [1:944] to [9534:10477]
Estimate dispersion: DONE
dispersion | min: -0.87109375 | max: 517 | % negative: 38.5511119595304
Only analysis time 0.0257938027381897
Cotan genes' coex estimation started
Calculate genes' coex: START
Retrieving expected genes' contingency table
calculating NN..
 done
calculating NY..
YN..
YY..
 done
Calculating genes' coex normalization factor
Fraction of genes with very low expected contingency tables: 0.432733529519565
Retrieving observed genes' yes/yes contingency table
calculating YY..
 done
Estimating genes' coex
Calculate genes' coex: DONE
Total time 0.396556150913239
Only genes' coex time 0.365308396021525
Checking uniformity for the cluster '4' with 160 cells
Using S
Calculating S: START
Calculating S: DONE
Calculate GDI dataframe: START
Calculate GDI dataframe: DONE
PCA: START
PCA: DONE
Hierarchical clustering: START
Hierarchical clustering: DONE
GDI plot
Removed 21 low GDI genes (such as the fully-expressed) in GDI plot
cluster 4 has too high GDI: will be reclustered!
*
 checking uniformity of cluster '5' of 16 clusters
Cotan analysis functions started
Genes/cells selection done: dropped [2227] genes and [0] cells
Working on [11159] genes and [122] cells
Estimate dispersion: START
Effective number of cores used: 7
Executing 11 genes batches from [1:1006] to [10154:11159]
Estimate dispersion: DONE
dispersion | min: -0.739990234375 | max: 253 | % negative: 56.2057532036921
Only analysis time 0.0247694770495097
Cotan genes' coex estimation started
Calculate genes' coex: START
Retrieving expected genes' contingency table
calculating NN..
 done
calculating NY..
YN..
YY..
 done
Calculating genes' coex normalization factor
Fraction of genes with very low expected contingency tables: 0.315307492449478
Retrieving observed genes' yes/yes contingency table
calculating YY..
 done
Estimating genes' coex
Calculate genes' coex: DONE
Total time 0.413552236557007
Only genes' coex time 0.383031980196635
Checking uniformity for the cluster '5' with 122 cells
Using S
Calculating S: START
Calculating S: DONE
Calculate GDI dataframe: START
Calculate GDI dataframe: DONE
PCA: START
PCA: DONE
Hierarchical clustering: START
Hierarchical clustering: DONE
GDI plot
Removed 121 low GDI genes (such as the fully-expressed) in GDI plot
cluster 5 is uniform
*
 checking uniformity of cluster '6' of 16 clusters
Cotan analysis functions started
Genes/cells selection done: dropped [2619] genes and [0] cells
Working on [10767] genes and [119] cells
Estimate dispersion: START
Effective number of cores used: 7
Executing 11 genes batches from [1:970] to [9798:10767]
Estimate dispersion: DONE
dispersion | min: -0.4049072265625 | max: 524 | % negative: 60.2860592551314
Only analysis time 0.0247559825579325
Cotan genes' coex estimation started
Calculate genes' coex: START
Retrieving expected genes' contingency table
calculating NN..
 done
calculating NY..
YN..
YY..
 done
Calculating genes' coex normalization factor
Fraction of genes with very low expected contingency tables: 0.41537747210914
Retrieving observed genes' yes/yes contingency table
calculating YY..
 done
Estimating genes' coex
Calculate genes' coex: DONE
Total time 0.356761268774668
Only genes' coex time 0.326423295338949
Checking uniformity for the cluster '6' with 119 cells
Using S
Calculating S: START
Calculating S: DONE
Calculate GDI dataframe: START
Calculate GDI dataframe: DONE
PCA: START
PCA: DONE
Hierarchical clustering: START
Hierarchical clustering: DONE
GDI plot
Removed 141 low GDI genes (such as the fully-expressed) in GDI plot
cluster 6 is uniform
*
 checking uniformity of cluster '7' of 16 clusters
Cotan analysis functions started
Genes/cells selection done: dropped [4295] genes and [0] cells
Working on [9091] genes and [96] cells
Estimate dispersion: START
Effective number of cores used: 7
Executing 9 genes batches from [1:1003] to [8089:9091]
Estimate dispersion: DONE
dispersion | min: -0.2347412109375 | max: 353 | % negative: 59.0364096359036
Only analysis time 0.0228471477826436
Cotan genes' coex estimation started
Calculate genes' coex: START
Retrieving expected genes' contingency table
calculating NN..
 done
calculating NY..
YN..
YY..
 done
Calculating genes' coex normalization factor
Fraction of genes with very low expected contingency tables: 0.775758797625398
Retrieving observed genes' yes/yes contingency table
calculating YY..
 done
Estimating genes' coex
Calculate genes' coex: DONE
Total time 0.255050281683604
Only genes' coex time 0.226921184857686
Checking uniformity for the cluster '7' with 96 cells
Using S
Calculating S: START
Calculating S: DONE
Calculate GDI dataframe: START
Calculate GDI dataframe: DONE
PCA: START
PCA: DONE
Hierarchical clustering: START
Hierarchical clustering: DONE
GDI plot
Removed 12 low GDI genes (such as the fully-expressed) in GDI plot
cluster 7 has too high GDI: will be reclustered!
*
 checking uniformity of cluster '8' of 16 clusters
Cotan analysis functions started
Genes/cells selection done: dropped [2205] genes and [0] cells
Working on [11181] genes and [86] cells
Estimate dispersion: START
Effective number of cores used: 7
Executing 11 genes batches from [1:1008] to [10174:11181]
Estimate dispersion: DONE
dispersion | min: -1.0458984375 | max: 218 | % negative: 48.7434039889098
Only analysis time 0.0241928815841675
Cotan genes' coex estimation started
Calculate genes' coex: START
Retrieving expected genes' contingency table
calculating NN..
 done
calculating NY..
YN..
YY..
 done
Calculating genes' coex normalization factor
Fraction of genes with very low expected contingency tables: 0.326666780882963
Retrieving observed genes' yes/yes contingency table
calculating YY..
 done
Estimating genes' coex
Calculate genes' coex: DONE
Total time 0.389730950196584
Only genes' coex time 0.360066489378611
Checking uniformity for the cluster '8' with 86 cells
Using S
Calculating S: START
Calculating S: DONE
Calculate GDI dataframe: START
Calculate GDI dataframe: DONE
PCA: START
PCA: DONE
Hierarchical clustering: START
Hierarchical clustering: DONE
GDI plot
Removed 239 low GDI genes (such as the fully-expressed) in GDI plot
cluster 8 is uniform
*
 checking uniformity of cluster '9' of 16 clusters
Cotan analysis functions started
Genes/cells selection done: dropped [3271] genes and [0] cells
Working on [10115] genes and [74] cells
Estimate dispersion: START
Effective number of cores used: 7
Executing 10 genes batches from [1:1004] to [9112:10115]
Estimate dispersion: DONE
dispersion | min: -0.8095703125 | max: 366 | % negative: 64.330202669303
Only analysis time 0.0231166442235311
Cotan genes' coex estimation started
Calculate genes' coex: START
Retrieving expected genes' contingency table
calculating NN..
 done
calculating NY..
YN..
YY..
 done
Calculating genes' coex normalization factor
Fraction of genes with very low expected contingency tables: 0.506271804653757
Retrieving observed genes' yes/yes contingency table
calculating YY..
 done
Estimating genes' coex
Calculate genes' coex: DONE
Total time 0.305802730719248
Only genes' coex time 0.276890349388123
Checking uniformity for the cluster '9' with 74 cells
Using S
Calculating S: START
Calculating S: DONE
Calculate GDI dataframe: START
Calculate GDI dataframe: DONE
PCA: START
PCA: DONE
Hierarchical clustering: START
Hierarchical clustering: DONE
GDI plot
Removed 115 low GDI genes (such as the fully-expressed) in GDI plot
cluster 9 is uniform
*
 checking uniformity of cluster '10' of 16 clusters
Cotan analysis functions started
Genes/cells selection done: dropped [5754] genes and [0] cells
Working on [7632] genes and [71] cells
Estimate dispersion: START
Effective number of cores used: 7
Executing 8 genes batches from [1:949] to [6684:7632]
Estimate dispersion: DONE
dispersion | min: -0.525390625 | max: 241 | % negative: 71.8815513626834
Only analysis time 0.0227339307467143
Cotan genes' coex estimation started
Calculate genes' coex: START
Retrieving expected genes' contingency table
calculating NN..
 done
calculating NY..
YN..
YY..
 done
Calculating genes' coex normalization factor
Fraction of genes with very low expected contingency tables: 0.672294332701354
Retrieving observed genes' yes/yes contingency table
calculating YY..
 done
Estimating genes' coex
Calculate genes' coex: DONE
Total time 0.184971765677134
Only genes' coex time 0.156287201245626
Checking uniformity for the cluster '10' with 71 cells
Using S
Calculating S: START
Calculating S: DONE
Calculate GDI dataframe: START
Calculate GDI dataframe: DONE
PCA: START
PCA: DONE
Hierarchical clustering: START
Hierarchical clustering: DONE
GDI plot
Removed 65 low GDI genes (such as the fully-expressed) in GDI plot
cluster 10 is uniform
*
 checking uniformity of cluster '11' of 16 clusters
Cotan analysis functions started
Genes/cells selection done: dropped [2433] genes and [0] cells
Working on [10953] genes and [64] cells
Estimate dispersion: START
Effective number of cores used: 7
Executing 11 genes batches from [1:987] to [9967:10953]
Estimate dispersion: DONE
dispersion | min: -1.0693359375 | max: 163 | % negative: 54.4873550625399
Only analysis time 0.0235368172327677
Cotan genes' coex estimation started
Calculate genes' coex: START
Retrieving expected genes' contingency table
calculating NN..
 done
calculating NY..
YN..
YY..
 done
Calculating genes' coex normalization factor
Fraction of genes with very low expected contingency tables: 0.362559975206361
Retrieving observed genes' yes/yes contingency table
calculating YY..
 done
Estimating genes' coex
Calculate genes' coex: DONE
Total time 0.353024558226267
Only genes' coex time 0.323806818326314
Checking uniformity for the cluster '11' with 64 cells
Using S
Calculating S: START
Calculating S: DONE
Calculate GDI dataframe: START
Calculate GDI dataframe: DONE
PCA: START
PCA: DONE
Hierarchical clustering: START
Hierarchical clustering: DONE
GDI plot
Removed 318 low GDI genes (such as the fully-expressed) in GDI plot
cluster 11 is uniform
*
 checking uniformity of cluster '12' of 16 clusters
Cotan analysis functions started
Genes/cells selection done: dropped [3619] genes and [0] cells
Working on [9767] genes and [60] cells
Estimate dispersion: START
Effective number of cores used: 7
Executing 10 genes batches from [1:969] to [8799:9767]
Estimate dispersion: DONE
dispersion | min: -0.5517578125 | max: 426 | % negative: 63.3357223302959
Only analysis time 0.0229318340619405
Cotan genes' coex estimation started
Calculate genes' coex: START
Retrieving expected genes' contingency table
calculating NN..
 done
calculating NY..
YN..
YY..
 done
Calculating genes' coex normalization factor
Fraction of genes with very low expected contingency tables: 0.576649864865284
Retrieving observed genes' yes/yes contingency table
calculating YY..
 done
Estimating genes' coex
Calculate genes' coex: DONE
Total time 0.272682992617289
Only genes' coex time 0.243550980091095
Checking uniformity for the cluster '12' with 60 cells
Using S
Calculating S: START
Calculating S: DONE
Calculate GDI dataframe: START
Calculate GDI dataframe: DONE
PCA: START
PCA: DONE
Hierarchical clustering: START
Hierarchical clustering: DONE
GDI plot
Removed 103 low GDI genes (such as the fully-expressed) in GDI plot
cluster 12 is uniform
*
 checking uniformity of cluster '13' of 16 clusters
Cotan analysis functions started
Genes/cells selection done: dropped [4096] genes and [0] cells
Working on [9290] genes and [34] cells
Estimate dispersion: START
Effective number of cores used: 7
Executing 10 genes batches from [1:922] to [8369:9290]
Estimate dispersion: DONE
dispersion | min: -1.02734375 | max: 92.5 | % negative: 64.8439181916039
Only analysis time 0.0233795483907064
Cotan genes' coex estimation started
Calculate genes' coex: START
Retrieving expected genes' contingency table
calculating NN..
 done
calculating NY..
YN..
YY..
 done
Calculating genes' coex normalization factor
Fraction of genes with very low expected contingency tables: 0.503374134650487
Retrieving observed genes' yes/yes contingency table
calculating YY..
 done
Estimating genes' coex
Calculate genes' coex: DONE
Total time 0.297484997908274
Only genes' coex time 0.267336463928223
Checking uniformity for the cluster '13' with 34 cells
Using S
Calculating S: START
Calculating S: DONE
Calculate GDI dataframe: START
Calculate GDI dataframe: DONE
PCA: START
PCA: DONE
Hierarchical clustering: START
Hierarchical clustering: DONE
GDI plot
Removed 175 low GDI genes (such as the fully-expressed) in GDI plot
cluster 13 is uniform
*
 checking uniformity of cluster '14' of 16 clusters
Cotan analysis functions started
Genes/cells selection done: dropped [4160] genes and [0] cells
Working on [9226] genes and [31] cells
Estimate dispersion: START
Effective number of cores used: 7
Executing 10 genes batches from [1:916] to [8311:9226]
Estimate dispersion: DONE
dispersion | min: -0.81591796875 | max: 53.25 | % negative: 66.6160849772382
Only analysis time 0.0239881753921509
Cotan genes' coex estimation started
Calculate genes' coex: START
Retrieving expected genes' contingency table
calculating NN..
 done
calculating NY..
YN..
YY..
 done
Calculating genes' coex normalization factor
Fraction of genes with very low expected contingency tables: 0.507315581133053
Retrieving observed genes' yes/yes contingency table
calculating YY..
 done
Estimating genes' coex
Calculate genes' coex: DONE
Total time 0.258356777826945
Only genes' coex time 0.227291786670685
Checking uniformity for the cluster '14' with 31 cells
Using S
Calculating S: START
Calculating S: DONE
Calculate GDI dataframe: START
Calculate GDI dataframe: DONE
PCA: START
PCA: DONE
Hierarchical clustering: START
Hierarchical clustering: DONE
GDI plot
Removed 157 low GDI genes (such as the fully-expressed) in GDI plot
cluster 14 is uniform
*
 checking uniformity of cluster '15' of 16 clusters
Cotan analysis functions started
Genes/cells selection done: dropped [4101] genes and [0] cells
Working on [9285] genes and [27] cells
Estimate dispersion: START
Effective number of cores used: 7
Executing 10 genes batches from [1:921] to [8365:9285]
Estimate dispersion: DONE
dispersion | min: -1.142578125 | max: 98.5 | % negative: 62.9402261712439
Only analysis time 0.0212936480840047
Cotan genes' coex estimation started
Calculate genes' coex: START
Retrieving expected genes' contingency table
calculating NN..
 done
calculating NY..
YN..
YY..
 done
Calculating genes' coex normalization factor
Fraction of genes with very low expected contingency tables: 0.531720561615792
Retrieving observed genes' yes/yes contingency table
calculating YY..
 done
Estimating genes' coex
Calculate genes' coex: DONE
Total time 0.249265094598134
Only genes' coex time 0.221823386351267
Checking uniformity for the cluster '15' with 27 cells
Using S
Calculating S: START
Calculating S: DONE
Calculate GDI dataframe: START
Calculate GDI dataframe: DONE
PCA: START
PCA: DONE
Hierarchical clustering: START
Hierarchical clustering: DONE
GDI plot
Removed 209 low GDI genes (such as the fully-expressed) in GDI plot
cluster 15 is uniform

Found 14 uniform and  2 non-uniform clusters
In iteration 1 
the number of cells to re-cluster is 256 cells belonging to 2 clusters
Creating Seurat object: START
Number of clusters is too small. Reclustering at higher resolution: 0.5
Used resolution for Seurat clusterization is: 1
Creating PDF UMAP in file:./COTAN/tabula-muris-marrow_P7_3/tabula-muris-marrow_P7_3/reclustering_1/pdf_umap.pdf
Creating Seurat object: DONE
*
 checking uniformity of cluster '0' of 5 clusters
Cotan analysis functions started
Genes/cells selection done: dropped [6243] genes and [0] cells
Working on [7143] genes and [67] cells
Estimate dispersion: START
Effective number of cores used: 7
Executing 7 genes batches from [1:1016] to [6128:7143]
Estimate dispersion: DONE
dispersion | min: -0.315185546875 | max: 246 | % negative: 70.2365952680946
Only analysis time 0.0210879921913147
Cotan genes' coex estimation started
Calculate genes' coex: START
Retrieving expected genes' contingency table
calculating NN..
 done
calculating NY..
YN..
YY..
 done
Calculating genes' coex normalization factor
Fraction of genes with very low expected contingency tables: 0.82709095538134
Retrieving observed genes' yes/yes contingency table
calculating YY..
 done
Estimating genes' coex
Calculate genes' coex: DONE
Total time 0.181502914428711
Only genes' coex time 0.155296699206034
Checking uniformity for the cluster '0' with 67 cells
Using S
Calculating S: START
Calculating S: DONE
Calculate GDI dataframe: START
Calculate GDI dataframe: DONE
PCA: START
PCA: DONE
Hierarchical clustering: START
Hierarchical clustering: DONE
GDI plot
Removed 31 low GDI genes (such as the fully-expressed) in GDI plot
cluster 0 is uniform
*
 checking uniformity of cluster '1' of 5 clusters
Cotan analysis functions started
Genes/cells selection done: dropped [7730] genes and [0] cells
Working on [5656] genes and [60] cells
Estimate dispersion: START
Effective number of cores used: 7
Executing 6 genes batches from [1:939] to [4718:5656]
Estimate dispersion: DONE
dispersion | min: -0.3267822265625 | max: 156 | % negative: 77.45756718529
Only analysis time 0.0221800009409587
Cotan genes' coex estimation started
Calculate genes' coex: START
Retrieving expected genes' contingency table
calculating NN..
 done
calculating NY..
YN..
YY..
 done
Calculating genes' coex normalization factor
Fraction of genes with very low expected contingency tables: 0.825133973030122
Retrieving observed genes' yes/yes contingency table
calculating YY..
 done
Estimating genes' coex
Calculate genes' coex: DONE
Total time 0.132844404379527
Only genes' coex time 0.105326569080353
Checking uniformity for the cluster '1' with 60 cells
Using S
Calculating S: START
Calculating S: DONE
Calculate GDI dataframe: START
Calculate GDI dataframe: DONE
PCA: START
PCA: DONE
Hierarchical clustering: START
Hierarchical clustering: DONE
GDI plot
Removed 39 low GDI genes (such as the fully-expressed) in GDI plot
cluster 1 is uniform
*
 checking uniformity of cluster '2' of 5 clusters
Cotan analysis functions started
Genes/cells selection done: dropped [6325] genes and [0] cells
Working on [7061] genes and [57] cells
Estimate dispersion: START
Effective number of cores used: 7
Executing 7 genes batches from [1:1004] to [6058:7061]
Estimate dispersion: DONE
dispersion | min: -0.32568359375 | max: 207 | % negative: 65.359014303923
Only analysis time 0.021896505355835
Cotan genes' coex estimation started
Calculate genes' coex: START
Retrieving expected genes' contingency table
calculating NN..
 done
calculating NY..
YN..
YY..
 done
Calculating genes' coex normalization factor
Fraction of genes with very low expected contingency tables: 0.683426190452412
Retrieving observed genes' yes/yes contingency table
calculating YY..
 done
Estimating genes' coex
Calculate genes' coex: DONE
Total time 0.181671098868052
Only genes' coex time 0.154482146104177
Checking uniformity for the cluster '2' with 57 cells
Using S
Calculating S: START
Calculating S: DONE
Calculate GDI dataframe: START
Calculate GDI dataframe: DONE
PCA: START
PCA: DONE
Hierarchical clustering: START
Hierarchical clustering: DONE
GDI plot
Removed 52 low GDI genes (such as the fully-expressed) in GDI plot
cluster 2 is uniform
*
 checking uniformity of cluster '3' of 5 clusters
Cotan analysis functions started
Genes/cells selection done: dropped [2933] genes and [0] cells
Working on [10453] genes and [38] cells
Estimate dispersion: START
Effective number of cores used: 7
Executing 11 genes batches from [1:942] to [9512:10453]
Estimate dispersion: DONE
dispersion | min: -1.701171875 | max: 184.5 | % negative: 46.9051946809528
Only analysis time 0.0210172772407532
Cotan genes' coex estimation started
Calculate genes' coex: START
Retrieving expected genes' contingency table
calculating NN..
 done
calculating NY..
YN..
YY..
 done
Calculating genes' coex normalization factor
Fraction of genes with very low expected contingency tables: 0.375529768010008
Retrieving observed genes' yes/yes contingency table
calculating YY..
 done
Estimating genes' coex
Calculate genes' coex: DONE
Total time 0.508567798137665
Only genes' coex time 0.481347342332204
Checking uniformity for the cluster '3' with 38 cells
Using S
Calculating S: START
Calculating S: DONE
Calculate GDI dataframe: START
Calculate GDI dataframe: DONE
PCA: START
PCA: DONE
Hierarchical clustering: START
Hierarchical clustering: DONE
GDI plot
Removed 145 low GDI genes (such as the fully-expressed) in GDI plot
cluster 3 is uniform
*
 checking uniformity of cluster '4' of 5 clusters
Cotan analysis functions started
Genes/cells selection done: dropped [6041] genes and [0] cells
Working on [7345] genes and [34] cells
Estimate dispersion: START
Effective number of cores used: 7
Executing 8 genes batches from [1:913] to [6433:7345]
Estimate dispersion: DONE
dispersion | min: -0.603759765625 | max: 95.5 | % negative: 64.0163376446562
Only analysis time 0.0207531650861104
Cotan genes' coex estimation started
Calculate genes' coex: START
Retrieving expected genes' contingency table
calculating NN..
 done
calculating NY..
YN..
YY..
 done
Calculating genes' coex normalization factor
Fraction of genes with very low expected contingency tables: 0.595354246403159
Retrieving observed genes' yes/yes contingency table
calculating YY..
 done
Estimating genes' coex
Calculate genes' coex: DONE
Total time 0.175288252035777
Only genes' coex time 0.149266465504964
Checking uniformity for the cluster '4' with 34 cells
Using S
Calculating S: START
Calculating S: DONE
Calculate GDI dataframe: START
Calculate GDI dataframe: DONE
PCA: START
PCA: DONE
Hierarchical clustering: START
Hierarchical clustering: DONE
GDI plot
Removed 122 low GDI genes (such as the fully-expressed) in GDI plot
cluster 4 is uniform

Found 5 uniform and  0 non-uniform clusters
NO new possible uniform clusters! Unclustered cell left: 0
The final raw clusterization contains [ 19 ] different clusters: 00_0000, 00_0001, 00_0002, 00_0003, 00_0005, 00_0006, 00_0008, 00_0009, 00_0010, 00_0011, 00_0012, 00_0013, 00_0014, 00_0015, 01_0000, 01_0001, 01_0002, 01_0003, 01_0004
Cluster, UMAP and Saving the Seurat dataset
Creating cells' uniform clustering: DONE
Differential Expression Analysis - START
*
 analysis of cluster: '01' - START
* analysis of cluster: '01' - DONE
*
 analysis of cluster: '02' - START
* analysis of cluster: '02' - DONE
*
 analysis of cluster: '03' - START
* analysis of cluster: '03' - DONE
*
 analysis of cluster: '04' - START
* analysis of cluster: '04' - DONE
*
 analysis of cluster: '05' - START
* analysis of cluster: '05' - DONE
*
 analysis of cluster: '06' - START
* analysis of cluster: '06' - DONE
*
 analysis of cluster: '07' - START
* analysis of cluster: '07' - DONE
*
 analysis of cluster: '08' - START
* analysis of cluster: '08' - DONE
*
 analysis of cluster: '09' - START
* analysis of cluster: '09' - DONE
*
 analysis of cluster: '10' - START
* analysis of cluster: '10' - DONE
*
 analysis of cluster: '11' - START
* analysis of cluster: '11' - DONE
*
 analysis of cluster: '12' - START
* analysis of cluster: '12' - DONE
*
 analysis of cluster: '13' - START
* analysis of cluster: '13' - DONE
*
 analysis of cluster: '14' - START
* analysis of cluster: '14' - DONE
*
 analysis of cluster: '15' - START
* analysis of cluster: '15' - DONE
*
 analysis of cluster: '16' - START
* analysis of cluster: '16' - DONE
*
 analysis of cluster: '17' - START
* analysis of cluster: '17' - DONE
*
 analysis of cluster: '18' - START
* analysis of cluster: '18' - DONE
*
 analysis of cluster: '19' - START
* analysis of cluster: '19' - DONE

Differential Expression Analysis - DONE
Initializing `COTAN` meta-data
Genes/cells selection done: dropped [1] genes and [0] cells
Working on [13386] genes and [1870] cells
Estimate dispersion: START
Effective number of cores used: 7
Executing 14 genes batches from [1:945] to [12442:13386]
Estimate dispersion: DONE
Differential Expression Analysis - START
*
 analysis of cluster: '01' - START
* analysis of cluster: '01' - DONE
*
 analysis of cluster: '02' - START
* analysis of cluster: '02' - DONE
*
 analysis of cluster: '03' - START
* analysis of cluster: '03' - DONE
*
 analysis of cluster: '04' - START
* analysis of cluster: '04' - DONE
*
 analysis of cluster: '05' - START
* analysis of cluster: '05' - DONE
*
 analysis of cluster: '06' - START
* analysis of cluster: '06' - DONE
*
 analysis of cluster: '07' - START
* analysis of cluster: '07' - DONE
*
 analysis of cluster: '08' - START
* analysis of cluster: '08' - DONE
*
 analysis of cluster: '09' - START
* analysis of cluster: '09' - DONE
*
 analysis of cluster: '10' - START
* analysis of cluster: '10' - DONE
*
 analysis of cluster: '11' - START
* analysis of cluster: '11' - DONE
*
 analysis of cluster: '12' - START
* analysis of cluster: '12' - DONE
*
 analysis of cluster: '13' - START
* analysis of cluster: '13' - DONE
*
 analysis of cluster: '14' - START
* analysis of cluster: '14' - DONE
*
 analysis of cluster: '15' - START
* analysis of cluster: '15' - DONE
*
 analysis of cluster: '16' - START
* analysis of cluster: '16' - DONE
*
 analysis of cluster: '17' - START
* analysis of cluster: '17' - DONE
*
 analysis of cluster: '18' - START
* analysis of cluster: '18' - DONE
*
 analysis of cluster: '19' - START
* analysis of cluster: '19' - DONE

Differential Expression Analysis - DONE
Initializing `COTAN` meta-data
Genes/cells selection done: dropped [1] genes and [0] cells
Working on [13386] genes and [1870] cells
Estimate dispersion: START
Effective number of cores used: 7
Executing 14 genes batches from [1:945] to [12442:13386]
Estimate dispersion: DONE
dispersion | min: -0.0754470825195312 | max: 2876 | % negative: 16.8011355147169
Differential Expression Analysis - START
*
 analysis of cluster: '01' - START
* analysis of cluster: '01' - DONE
*
 analysis of cluster: '02' - START
* analysis of cluster: '02' - DONE
*
 analysis of cluster: '03' - START
* analysis of cluster: '03' - DONE
*
 analysis of cluster: '04' - START
* analysis of cluster: '04' - DONE
*
 analysis of cluster: '05' - START
* analysis of cluster: '05' - DONE
*
 analysis of cluster: '06' - START
* analysis of cluster: '06' - DONE
*
 analysis of cluster: '07' - START
* analysis of cluster: '07' - DONE
*
 analysis of cluster: '08' - START
* analysis of cluster: '08' - DONE
*
 analysis of cluster: '09' - START
* analysis of cluster: '09' - DONE
*
 analysis of cluster: '10' - START
* analysis of cluster: '10' - DONE
*
 analysis of cluster: '11' - START
* analysis of cluster: '11' - DONE
*
 analysis of cluster: '12' - START
* analysis of cluster: '12' - DONE
*
 analysis of cluster: '13' - START
* analysis of cluster: '13' - DONE
*
 analysis of cluster: '14' - START
* analysis of cluster: '14' - DONE
*
 analysis of cluster: '15' - START
* analysis of cluster: '15' - DONE
*
 analysis of cluster: '16' - START
* analysis of cluster: '16' - DONE
*
 analysis of cluster: '17' - START
* analysis of cluster: '17' - DONE
*
 analysis of cluster: '18' - START
* analysis of cluster: '18' - DONE
*
 analysis of cluster: '19' - START
* analysis of cluster: '19' - DONE

Differential Expression Analysis - DONE
Merging cells' uniform clustering: START
Start merging smallest clusters: iteration 1
Differential Expression Analysis - START
*
 analysis of cluster: '01' - START
* analysis of cluster: '01' - DONE
*
 analysis of cluster: '02' - START
* analysis of cluster: '02' - DONE
*
 analysis of cluster: '03' - START
* analysis of cluster: '03' - DONE
*
 analysis of cluster: '04' - START
* analysis of cluster: '04' - DONE
*
 analysis of cluster: '05' - START
* analysis of cluster: '05' - DONE
*
 analysis of cluster: '06' - START
* analysis of cluster: '06' - DONE
*
 analysis of cluster: '07' - START
* analysis of cluster: '07' - DONE
*
 analysis of cluster: '08' - START
* analysis of cluster: '08' - DONE
*
 analysis of cluster: '09' - START
* analysis of cluster: '09' - DONE
*
 analysis of cluster: '10' - START
* analysis of cluster: '10' - DONE
*
 analysis of cluster: '11' - START
* analysis of cluster: '11' - DONE
*
 analysis of cluster: '12' - START
* analysis of cluster: '12' - DONE
*
 analysis of cluster: '13' - START
* analysis of cluster: '13' - DONE
*
 analysis of cluster: '14' - START
* analysis of cluster: '14' - DONE
*
 analysis of cluster: '15' - START
* analysis of cluster: '15' - DONE
*
 analysis of cluster: '16' - START
* analysis of cluster: '16' - DONE
*
 analysis of cluster: '17' - START
* analysis of cluster: '17' - DONE
*
 analysis of cluster: '18' - START
* analysis of cluster: '18' - DONE
*
 analysis of cluster: '19' - START
* analysis of cluster: '19' - DONE

Differential Expression Analysis - DONE
Created leafs ID for merging: 04 10 05 13 11 14 15 16 17 19 01 09 03 07
*
04_10-merge
Cotan analysis functions started
Genes/cells selection done: dropped [1484] genes and [0] cells
Working on [11902] genes and [241] cells
Estimate dispersion: START
Effective number of cores used: 4
Executing 12 genes batches from [1:982] to [10921:11902]
Estimate dispersion: DONE
dispersion | min: -0.5380859375 | max: 212.75 | % negative: 36.2039993278441
Only analysis time 0.0265513698259989
Cotan genes' coex estimation started
Calculate genes' coex: START
Retrieving expected genes' contingency table
calculating NN..
 done
calculating NY..
YN..
YY..
 done
Calculating genes' coex normalization factor
Fraction of genes with very low expected contingency tables: 0.15753470616323
Retrieving observed genes' yes/yes contingency table
calculating YY..
 done
Estimating genes' coex
Calculate genes' coex: DONE
Total time 0.67676295042038
Only genes' coex time 0.643899651368459
Checking uniformity for the cluster '04_10-merge' with 241 cells
Using S
Calculating S: START
Calculating S: DONE
Calculate GDI dataframe: START
Calculate GDI dataframe: DONE
PCA: START
PCA: DONE
Hierarchical clustering: START
Hierarchical clustering: DONE
GDI plot
Removed 121 low GDI genes (such as the fully-expressed) in GDI plot
Top 1% GDI Value: 2.07379797347311
Merging clusters 04 and 10 results in a too high GDI
*
05_13-merge
Cotan analysis functions started
Genes/cells selection done: dropped [1962] genes and [0] cells
Working on [11424] genes and [153] cells
Estimate dispersion: START
Effective number of cores used: 4
Executing 12 genes batches from [1:943] to [10482:11424]
Estimate dispersion: DONE
dispersion | min: -0.730224609375 | max: 251 | % negative: 54.6130952380952
Only analysis time 0.0238071759541829
Cotan genes' coex estimation started
Calculate genes' coex: START
Retrieving expected genes' contingency table
calculating NN..
 done
calculating NY..
YN..
YY..
 done
Calculating genes' coex normalization factor
Fraction of genes with very low expected contingency tables: 0.295927357814023
Retrieving observed genes' yes/yes contingency table
calculating YY..
 done
Estimating genes' coex
Calculate genes' coex: DONE
Total time 0.46589028040568
Only genes' coex time 0.436159324645996
Checking uniformity for the cluster '05_13-merge' with 153 cells
Using S
Calculating S: START
Calculating S: DONE
Calculate GDI dataframe: START
Calculate GDI dataframe: DONE
PCA: START
PCA: DONE
Hierarchical clustering: START
Hierarchical clustering: DONE
GDI plot
Removed 111 low GDI genes (such as the fully-expressed) in GDI plot
Top 1% GDI Value: 1.92713839780256
Clusters 05 and 13 can be merged
*
11_14-merge
Cotan analysis functions started
Genes/cells selection done: dropped [2628] genes and [0] cells
Working on [10758] genes and [87] cells
Estimate dispersion: START
Effective number of cores used: 4
Executing 11 genes batches from [1:970] to [9789:10758]
Estimate dispersion: DONE
dispersion | min: -0.47998046875 | max: 613 | % negative: 54.2944785276074
Only analysis time 0.0217713236808777
Cotan genes' coex estimation started
Calculate genes' coex: START
Retrieving expected genes' contingency table
calculating NN..
 done
calculating NY..
YN..
YY..
 done
Calculating genes' coex normalization factor
Fraction of genes with very low expected contingency tables: 0.452252143719467
Retrieving observed genes' yes/yes contingency table
calculating YY..
 done
Estimating genes' coex
Calculate genes' coex: DONE
Total time 0.31465402841568
Only genes' coex time 0.287449030081431
Checking uniformity for the cluster '11_14-merge' with 87 cells
Using S
Calculating S: START
Calculating S: DONE
Calculate GDI dataframe: START
Calculate GDI dataframe: DONE
PCA: START
PCA: DONE
Hierarchical clustering: START
Hierarchical clustering: DONE
GDI plot
Removed 98 low GDI genes (such as the fully-expressed) in GDI plot
Top 1% GDI Value: 1.84233925499104
Clusters 11 and 14 can be merged
*
15_16-merge
Cotan analysis functions started
Genes/cells selection done: dropped [5274] genes and [0] cells
Working on [8112] genes and [127] cells
Estimate dispersion: START
Effective number of cores used: 4
Executing 8 genes batches from [1:1008] to [7105:8112]
Estimate dispersion: DONE
dispersion | min: -0.158935546875 | max: 468 | % negative: 68.7006903353057
Only analysis time 0.0215035200119019
Cotan genes' coex estimation started
Calculate genes' coex: START
Retrieving expected genes' contingency table
calculating NN..
 done
calculating NY..
YN..
YY..
 done
Calculating genes' coex normalization factor
Fraction of genes with very low expected contingency tables: 0.805300093039855
Retrieving observed genes' yes/yes contingency table
calculating YY..
 done
Estimating genes' coex
Calculate genes' coex: DONE
Total time 0.20626628001531
Only genes' coex time 0.179700402418772
Checking uniformity for the cluster '15_16-merge' with 127 cells
Using S
Calculating S: START
Calculating S: DONE
Calculate GDI dataframe: START
Calculate GDI dataframe: DONE
PCA: START
PCA: DONE
Hierarchical clustering: START
Hierarchical clustering: DONE
GDI plot
Removed 26 low GDI genes (such as the fully-expressed) in GDI plot
Top 1% GDI Value: 1.6926090696071
Clusters 15 and 16 can be merged
*
17_19-merge
Cotan analysis functions started
Genes/cells selection done: dropped [4876] genes and [0] cells
Working on [8510] genes and [91] cells
Estimate dispersion: START
Effective number of cores used: 4
Executing 9 genes batches from [1:939] to [7572:8510]
Estimate dispersion: DONE
dispersion | min: -0.4462890625 | max: 307 | % negative: 56.6392479435958
Only analysis time 0.0208458662033081
Cotan genes' coex estimation started
Calculate genes' coex: START
Retrieving expected genes' contingency table
calculating NN..
 done
calculating NY..
YN..
YY..
 done
Calculating genes' coex normalization factor
Fraction of genes with very low expected contingency tables: 0.586910642079145
Retrieving observed genes' yes/yes contingency table
calculating YY..
 done
Estimating genes' coex
Calculate genes' coex: DONE
Total time 0.226827128728231
Only genes' coex time 0.201027417182922
Checking uniformity for the cluster '17_19-merge' with 91 cells
Using S
Calculating S: START
Calculating S: DONE
Calculate GDI dataframe: START
Calculate GDI dataframe: DONE
PCA: START
PCA: DONE
Hierarchical clustering: START
Hierarchical clustering: DONE
GDI plot
Removed 35 low GDI genes (such as the fully-expressed) in GDI plot
Top 1% GDI Value: 1.9036652689917
Clusters 17 and 19 can be merged
*
01_09-merge
Cotan analysis functions started
Genes/cells selection done: dropped [4038] genes and [0] cells
Working on [9348] genes and [366] cells
Estimate dispersion: START
Effective number of cores used: 4
Executing 10 genes batches from [1:928] to [8421:9348]
Estimate dispersion: DONE
dispersion | min: -0.156539916992188 | max: 471.5 | % negative: 50.716730851519
Only analysis time 0.0300286730130514
Cotan genes' coex estimation started
Calculate genes' coex: START
Retrieving expected genes' contingency table
calculating NN..
 done
calculating NY..
YN..
YY..
 done
Calculating genes' coex normalization factor
Fraction of genes with very low expected contingency tables: 0.379190706522194
Retrieving observed genes' yes/yes contingency table
calculating YY..
 done
Estimating genes' coex
Calculate genes' coex: DONE
Total time 0.496866285800934
Only genes' coex time 0.46134246190389
Checking uniformity for the cluster '01_09-merge' with 366 cells
Using S
Calculating S: START
Calculating S: DONE
Calculate GDI dataframe: START
Calculate GDI dataframe: DONE
PCA: START
PCA: DONE
Hierarchical clustering: START
Hierarchical clustering: DONE
GDI plot
Removed 29 low GDI genes (such as the fully-expressed) in GDI plot
Top 1% GDI Value: 1.60526058923809
Clusters 01 and 09 can be merged
*
03_07-merge
Cotan analysis functions started
Genes/cells selection done: dropped [2344] genes and [0] cells
Working on [11042] genes and [263] cells
Estimate dispersion: START
Effective number of cores used: 4
Executing 11 genes batches from [1:995] to [10048:11042]
Estimate dispersion: DONE
dispersion | min: -0.509765625 | max: 261.5 | % negative: 32.5937330193805
Only analysis time 0.0282156745592753
Cotan genes' coex estimation started
Calculate genes' coex: START
Retrieving expected genes' contingency table
calculating NN..
 done
calculating NY..
YN..
YY..
 done
Calculating genes' coex normalization factor
Fraction of genes with very low expected contingency tables: 0.170261159702674
Retrieving observed genes' yes/yes contingency table
calculating YY..
 done
Estimating genes' coex
Calculate genes' coex: DONE
Total time 0.596479094028473
Only genes' coex time 0.562286408742269
Checking uniformity for the cluster '03_07-merge' with 263 cells
Using S
Calculating S: START
Calculating S: DONE
Calculate GDI dataframe: START
Calculate GDI dataframe: DONE
PCA: START
PCA: DONE
Hierarchical clustering: START
Hierarchical clustering: DONE
GDI plot
Removed 104 low GDI genes (such as the fully-expressed) in GDI plot
Top 1% GDI Value: 2.58134924244361
Merging clusters 03 and 07 results in a too high GDI
Start merging smallest clusters: iteration 2
Differential Expression Analysis - START
*
 analysis of cluster: '01_09-merge' - START
* analysis of cluster: '01_09-merge' - DONE
*
 analysis of cluster: '02' - START
* analysis of cluster: '02' - DONE
*
 analysis of cluster: '03' - START
* analysis of cluster: '03' - DONE
*
 analysis of cluster: '04' - START
* analysis of cluster: '04' - DONE
*
 analysis of cluster: '05_13-merge' - START
* analysis of cluster: '05_13-merge' - DONE
*
 analysis of cluster: '06' - START
* analysis of cluster: '06' - DONE
*
 analysis of cluster: '07' - START
* analysis of cluster: '07' - DONE
*
 analysis of cluster: '08' - START
* analysis of cluster: '08' - DONE
*
 analysis of cluster: '10' - START
* analysis of cluster: '10' - DONE
*
 analysis of cluster: '11_14-merge' - START
* analysis of cluster: '11_14-merge' - DONE
*
 analysis of cluster: '12' - START
* analysis of cluster: '12' - DONE
*
 analysis of cluster: '15_16-merge' - START
* analysis of cluster: '15_16-merge' - DONE
*
 analysis of cluster: '17_19-merge' - START
* analysis of cluster: '17_19-merge' - DONE
*
 analysis of cluster: '18' - START
* analysis of cluster: '18' - DONE

Differential Expression Analysis - DONE
Created leafs ID for merging: 05_13-merge 11_14-merge 04 10 07 12 01_09-merge 03 15_16-merge 17_19-merge
*
05_13-merge_11_14-merge-merge
Cotan analysis functions started
Genes/cells selection done: dropped [2135] genes and [0] cells
Working on [11251] genes and [240] cells
Estimate dispersion: START
Effective number of cores used: 4
Executing 11 genes batches from [1:1014] to [10238:11251]
Estimate dispersion: DONE
dispersion | min: -0.334716796875 | max: 519 | % negative: 40.040885254644
Only analysis time 0.0279993255933126
Cotan genes' coex estimation started
Calculate genes' coex: START
Retrieving expected genes' contingency table
calculating NN..
 done
calculating NY..
YN..
YY..
 done
Calculating genes' coex normalization factor
Fraction of genes with very low expected contingency tables: 0.169620171693551
Retrieving observed genes' yes/yes contingency table
calculating YY..
 done
Estimating genes' coex
Calculate genes' coex: DONE
Total time 0.56561510960261
Only genes' coex time 0.531910506884257
Checking uniformity for the cluster '05_13-merge_11_14-merge-merge' with 240 cells
Using S
Calculating S: START
Calculating S: DONE
Calculate GDI dataframe: START
Calculate GDI dataframe: DONE
PCA: START
PCA: DONE
Hierarchical clustering: START
Hierarchical clustering: DONE
GDI plot
Removed 89 low GDI genes (such as the fully-expressed) in GDI plot
Top 1% GDI Value: 2.51654415304665
Merging clusters 05_13-merge and 11_14-merge results in a too high GDI
*
04_10-merge
Clusters 04 and 10 already analyzed and not mergeable: skip.
*
07_12-merge
Cotan analysis functions started
Genes/cells selection done: dropped [1827] genes and [0] cells
Working on [11559] genes and [120] cells
Estimate dispersion: START
Effective number of cores used: 4
Executing 12 genes batches from [1:954] to [10606:11559]
Estimate dispersion: DONE
dispersion | min: -1.3232421875 | max: 201 | % negative: 46.6043775413098
Only analysis time 0.0232744733492533
Cotan genes' coex estimation started
Calculate genes' coex: START
Retrieving expected genes' contingency table
calculating NN..
 done
calculating NY..
YN..
YY..
 done
Calculating genes' coex normalization factor
Fraction of genes with very low expected contingency tables: 0.287715694207333
Retrieving observed genes' yes/yes contingency table
calculating YY..
 done
Estimating genes' coex
Calculate genes' coex: DONE
Total time 0.421612318356832
Only genes' coex time 0.392708810170492
Checking uniformity for the cluster '07_12-merge' with 120 cells
Using S
Calculating S: START
Calculating S: DONE
Calculate GDI dataframe: START
Calculate GDI dataframe: DONE
PCA: START
PCA: DONE
Hierarchical clustering: START
Hierarchical clustering: DONE
GDI plot
Removed 130 low GDI genes (such as the fully-expressed) in GDI plot
Top 1% GDI Value: 2.30750306299377
Merging clusters 07 and 12 results in a too high GDI
*
01_09-merge_03-merge
Cotan analysis functions started
Genes/cells selection done: dropped [3222] genes and [0] cells
Working on [10164] genes and [543] cells
Estimate dispersion: START
Effective number of cores used: 4
Executing 10 genes batches from [1:1009] to [9156:10164]
Estimate dispersion: DONE
dispersion | min: -0.360107421875 | max: 273.25 | % negative: 34.6910665092483
Only analysis time 0.0382592837015788
Cotan genes' coex estimation started
Calculate genes' coex: START
Retrieving expected genes' contingency table
calculating NN..
 done
calculating NY..
YN..
YY..
 done
Calculating genes' coex normalization factor
Fraction of genes with very low expected contingency tables: 0.165208766103101
Retrieving observed genes' yes/yes contingency table
calculating YY..
 done
Estimating genes' coex
Calculate genes' coex: DONE
Total time 0.803108390172323
Only genes' coex time 0.758213849862417
Checking uniformity for the cluster '01_09-merge_03-merge' with 543 cells
Using S
Calculating S: START
Calculating S: DONE
Calculate GDI dataframe: START
Calculate GDI dataframe: DONE
PCA: START
PCA: DONE
Hierarchical clustering: START
Hierarchical clustering: DONE
GDI plot
Removed 28 low GDI genes (such as the fully-expressed) in GDI plot
Top 1% GDI Value: 3.36319911058848
Merging clusters 01_09-merge and 03 results in a too high GDI
*
15_16-merge_17_19-merge-merge
Cotan analysis functions started
Genes/cells selection done: dropped [5110] genes and [0] cells
Working on [8276] genes and [218] cells
Estimate dispersion: START
Effective number of cores used: 4
Executing 9 genes batches from [1:914] to [7363:8276]
Estimate dispersion: DONE
dispersion | min: -0.2275390625 | max: 310.5 | % negative: 44.4659255679072
Only analysis time 0.0273284355799357
Cotan genes' coex estimation started
Calculate genes' coex: START
Retrieving expected genes' contingency table
calculating NN..
 done
calculating NY..
YN..
YY..
 done
Calculating genes' coex normalization factor
Fraction of genes with very low expected contingency tables: 0.490479887636362
Retrieving observed genes' yes/yes contingency table
calculating YY..
 done
Estimating genes' coex
Calculate genes' coex: DONE
Total time 0.30855123202006
Only genes' coex time 0.275761886437734
Checking uniformity for the cluster '15_16-merge_17_19-merge-merge' with 218 cells
Using S
Calculating S: START
Calculating S: DONE
Calculate GDI dataframe: START
Calculate GDI dataframe: DONE
PCA: START
PCA: DONE
Hierarchical clustering: START
Hierarchical clustering: DONE
GDI plot
Removed 16 low GDI genes (such as the fully-expressed) in GDI plot
Top 1% GDI Value: 2.90520615919207
Merging clusters 15_16-merge and 17_19-merge results in a too high GDI
The final merged clusterization contains [ 14 ] different clusters: 01_09-merge, 02, 03, 04, 05_13-merge, 06, 07, 08, 10, 11_14-merge, 12, 15_16-merge, 17_19-merge, 18
Merging cells' uniform clustering: DONE
Initializing `COTAN` meta-data
Genes/cells selection done: dropped [1] genes and [0] cells
Working on [13386] genes and [1870] cells
Estimate dispersion: START
Effective number of cores used: 7
Executing 14 genes batches from [1:945] to [12442:13386]
Estimate dispersion: DONE
dispersion | min: -0.0754470825195312 | max: 2876 | % negative: 16.8011355147169
Differential Expression Analysis - START
*
 analysis of cluster: '01' - START
* analysis of cluster: '01' - DONE
*
 analysis of cluster: '02' - START
* analysis of cluster: '02' - DONE
*
 analysis of cluster: '03' - START
* analysis of cluster: '03' - DONE
*
 analysis of cluster: '04' - START
* analysis of cluster: '04' - DONE
*
 analysis of cluster: '05' - START
* analysis of cluster: '05' - DONE
*
 analysis of cluster: '06' - START
* analysis of cluster: '06' - DONE
*
 analysis of cluster: '07' - START
* analysis of cluster: '07' - DONE
*
 analysis of cluster: '08' - START
* analysis of cluster: '08' - DONE
*
 analysis of cluster: '09' - START
* analysis of cluster: '09' - DONE
*
 analysis of cluster: '10' - START
* analysis of cluster: '10' - DONE
*
 analysis of cluster: '11' - START
* analysis of cluster: '11' - DONE
*
 analysis of cluster: '12' - START
* analysis of cluster: '12' - DONE
*
 analysis of cluster: '13' - START
* analysis of cluster: '13' - DONE
*
 analysis of cluster: '14' - START
* analysis of cluster: '14' - DONE
*
 analysis of cluster: '15' - START
* analysis of cluster: '15' - DONE
*
 analysis of cluster: '16' - START
* analysis of cluster: '16' - DONE
*
 analysis of cluster: '17' - START
* analysis of cluster: '17' - DONE
*
 analysis of cluster: '18' - START
* analysis of cluster: '18' - DONE
*
 analysis of cluster: '19' - START
* analysis of cluster: '19' - DONE

Differential Expression Analysis - DONE
Initializing `COTAN` meta-data
Genes/cells selection done: dropped [1] genes and [0] cells
Working on [13386] genes and [1870] cells
Estimate dispersion: START
Effective number of cores used: 8
Executing 14 genes batches from [1:945] to [12442:13386]
Estimate dispersion: DONE
dispersion | min: -0.0754470825195312 | max: 2876 | % negative: 16.8011355147169
Differential Expression Analysis - START
*
 analysis of cluster: '01' - START
* analysis of cluster: '01' - DONE
*
 analysis of cluster: '02' - START
* analysis of cluster: '02' - DONE
*
 analysis of cluster: '03' - START
* analysis of cluster: '03' - DONE
*
 analysis of cluster: '04' - START
* analysis of cluster: '04' - DONE
*
 analysis of cluster: '05' - START
* analysis of cluster: '05' - DONE
*
 analysis of cluster: '06' - START
* analysis of cluster: '06' - DONE
*
 analysis of cluster: '07' - START
* analysis of cluster: '07' - DONE
*
 analysis of cluster: '08' - START
* analysis of cluster: '08' - DONE
*
 analysis of cluster: '09' - START
* analysis of cluster: '09' - DONE
*
 analysis of cluster: '10' - START
* analysis of cluster: '10' - DONE
*
 analysis of cluster: '11' - START
* analysis of cluster: '11' - DONE
*
 analysis of cluster: '12' - START
* analysis of cluster: '12' - DONE
*
 analysis of cluster: '13' - START
* analysis of cluster: '13' - DONE
*
 analysis of cluster: '14' - START
* analysis of cluster: '14' - DONE
*
 analysis of cluster: '15' - START
* analysis of cluster: '15' - DONE
*
 analysis of cluster: '16' - START
* analysis of cluster: '16' - DONE
*
 analysis of cluster: '17' - START
* analysis of cluster: '17' - DONE
*
 analysis of cluster: '18' - START
* analysis of cluster: '18' - DONE
*
 analysis of cluster: '19' - START
* analysis of cluster: '19' - DONE
*
 analysis of cluster: '20' - START
* analysis of cluster: '20' - DONE
*
 analysis of cluster: '21' - START
* analysis of cluster: '21' - DONE
*
 analysis of cluster: '22' - START
* analysis of cluster: '22' - DONE
*
 analysis of cluster: '23' - START
* analysis of cluster: '23' - DONE
*
 analysis of cluster: '24' - START
* analysis of cluster: '24' - DONE
*
 analysis of cluster: '25' - START
* analysis of cluster: '25' - DONE
*
 analysis of cluster: '26' - START
* analysis of cluster: '26' - DONE
*
 analysis of cluster: '27' - START
* analysis of cluster: '27' - DONE
*
 analysis of cluster: '28' - START
* analysis of cluster: '28' - DONE
*
 analysis of cluster: 'not_clustered' - START
* analysis of cluster: 'not_clustered' - DONE

Differential Expression Analysis - DONE
Initializing `COTAN` meta-data
Genes/cells selection done: dropped [50] genes and [0] cells
Working on [13596] genes and [617] cells
Estimate dispersion: START
Effective number of cores used: 9
Executing 14 genes batches from [1:960] to [12637:13596]
Estimate dispersion: DONE
dispersion | min: -0.11175537109375 | max: 852.5 | % negative: 19.2556634304207
Initializing `COTAN` meta-data
Genes/cells selection done: dropped [0] genes and [0] cells
Working on [13646] genes and [617] cells
Estimate dispersion: START
Effective number of cores used: 9
Executing 14 genes batches from [1:963] to [12684:13646]
Estimate dispersion: DONE
dispersion | min: -0.11175537109375 | max: 852.5 | % negative: 19.46357907079
Initializing `COTAN` meta-data
Genes/cells selection done: dropped [0] genes and [0] cells
Working on [13646] genes and [617] cells
Estimate dispersion: START
Effective number of cores used: 9
Executing 14 genes batches from [1:963] to [12684:13646]
Estimate dispersion: DONE
dispersion | min: -0.11175537109375 | max: 852.5 | % negative: 19.46357907079
